  ApplicationGlobal.cpp
  ApplicationMain.cpp
  CameraActor.cpp
E:\winter\mypg\Game\Game\source\CameraActor.cpp(48,12): warning C4244: '初期化中': 'double' から 'float' への変換です。データが失われる可能性があります。
E:\winter\mypg\Game\Game\source\CameraActor.cpp(49,15): warning C4244: '初期化中': 'double' から 'float' への変換です。データが失われる可能性があります。
E:\winter\mypg\Game\Game\source\CameraActor.cpp(52,126): warning C4244: '引数': 'double' から 'float' への変換です。データが失われる可能性があります。
E:\winter\mypg\Game\Game\source\CameraActor.cpp(52,54): warning C4244: '引数': 'double' から 'float' への変換です。データが失われる可能性があります。
  ModeGame.cpp
  ModelComponent.cpp
E:\winter\mypg\Game\Game\source\ModelComponent.cpp(81,16): warning C4244: '=': 'double' から 'float' への変換です。データが失われる可能性があります。
  ModeMenu.cpp
E:\winter\mypg\Game\Game\source\ModeMenu.cpp(54,14): warning C4267: '初期化中': 'size_t' から 'int' に変換しました。データが失われているかもしれません。
E:\winter\mypg\Game\Game\source\ModeMenu.cpp(89,64): warning C4267: '引数': 'size_t' から 'int' に変換しました。データが失われているかもしれません。
  ModeResult.cpp
E:\winter\mypg\Game\Game\source\ModeResult.cpp(59,50): warning C4267: '=': 'size_t' から 'int' に変換しました。データが失われているかもしれません。
  ModeTitle.cpp
  MoveComponent.cpp
E:\winter\mypg\Game\Game\source\MoveComponent.cpp(28,15): warning C4244: '初期化中': 'double' から 'float' への変換です。データが失われる可能性があります。
E:\winter\mypg\Game\Game\source\MoveComponent.cpp(47,12): warning C4244: '初期化中': 'double' から 'float' への変換です。データが失われる可能性があります。
E:\winter\mypg\Game\Game\source\MoveComponent.cpp(48,26): warning C4244: '=': 'double' から 'float' への変換です。データが失われる可能性があります。
E:\winter\mypg\Game\Game\source\MoveComponent.cpp(49,26): warning C4244: '=': 'double' から 'float' への変換です。データが失われる可能性があります。
E:\winter\mypg\Game\Game\source\MoveComponent.cpp(62,40): warning C4244: '=': 'double' から 'float' への変換です。データが失われる可能性があります。
E:\winter\mypg\Game\Game\source\MoveComponent.cpp(63,40): warning C4244: '=': 'double' から 'float' への変換です。データが失われる可能性があります。
  PlayerActor.cpp
  コードを生成中...
  Game.vcxproj -> E:\winter\mypg\Game\x64\Debug\Game.exe
